2016-05-20 18:04:36,025 : Subscription 999 is not Ported!!!
2016-05-20 18:04:36,026 :  Checking 35316008036 in NGIN GNP Database.
2016-05-20 18:04:36,075 : Subscription 35316008036 is not Ported!!!
2016-05-20 18:04:36,076 : 35316008036 is not in the GNP Database and will continue.
2016-05-20 18:04:36,077 :  Checking 35316008037 in NGIN GNP Database.
2016-05-20 18:04:36,130 : Subscription 35316008037 is not Ported!!!
2016-05-20 18:04:36,131 : 35316008037 is not in the GNP Database and will continue.
2016-05-20 18:04:36,132 :  Checking 35316008039 in NGIN GNP Database.
2016-05-20 18:04:36,183 : Subscription 35316008039 is not Ported!!!
2016-05-20 18:04:36,184 : 35316008039 is not in the GNP Database and will continue.
2016-05-20 18:04:36,185 :  Checking 35316008043 in NGIN GNP Database.
2016-05-20 18:04:36,234 : Subscription 35316008043 is not Ported!!!
2016-05-20 18:04:36,236 : 35316008043 is not in the GNP Database and will continue.
2016-05-20 18:04:36,236 :  Checking 35316008048 in NGIN GNP Database.
2016-05-20 18:04:36,287 : Subscription 35316008048 is not Ported!!!
2016-05-20 18:04:36,288 : 35316008048 is not in the GNP Database and will continue.
2016-05-20 18:04:36,288 :  Checking 35316008051 in NGIN GNP Database.
2016-05-20 18:04:36,357 : Subscription 35316008051 is not Ported!!!
2016-05-20 18:04:36,358 : 35316008051 is not in the GNP Database and will continue.
2016-05-20 18:04:36,358 :  Checking 35316008054 in NGIN GNP Database.
2016-05-20 18:04:36,415 : Subscription 35316008054 is not Ported!!!
2016-05-20 18:04:36,417 : 35316008054 is not in the GNP Database and will continue.
2016-05-20 18:04:36,417 :  Checking 35316008065 in NGIN GNP Database.
2016-05-20 18:04:36,468 : Subscription 35316008065 is not Ported!!!
2016-05-20 18:04:36,470 : 35316008065 is not in the GNP Database and will continue.
2016-05-20 18:04:36,470 :  Checking 35316008071 in NGIN GNP Database.
2016-05-20 18:04:36,519 : Subscription 35316008071 is not Ported!!!
2016-05-20 18:04:36,520 : 35316008071 is not in the GNP Database and will continue.
2016-05-20 18:04:36,521 :  Checking 35316008075 in NGIN GNP Database.
2016-05-20 18:04:36,570 : Subscription 35316008075 is not Ported!!!
2016-05-20 18:04:36,571 : 35316008075 is not in the GNP Database and will continue.
2016-05-20 18:04:36,572 :  Checking 35316008076 in NGIN GNP Database.
2016-05-20 18:04:36,620 : Subscription 35316008076 is not Ported!!!
2016-05-20 18:04:36,621 : 35316008076 is not in the GNP Database and will continue.
2016-05-20 18:04:36,621 :  Checking 35316008078 in NGIN GNP Database.
2016-05-20 18:04:36,668 : Subscription 35316008078 is not Ported!!!
2016-05-20 18:04:36,669 : 35316008078 is not in the GNP Database and will continue.
2016-05-20 18:04:36,669 :  Checking 35316008082 in NGIN GNP Database.
2016-05-20 18:04:36,721 : Subscription 35316008082 is not Ported!!!
2016-05-20 18:04:36,722 : 35316008082 is not in the GNP Database and will continue.
2016-05-20 18:04:36,723 :  Checking 35316008087 in NGIN GNP Database.
2016-05-20 18:04:36,773 : Subscription 35316008087 is not Ported!!!
2016-05-20 18:04:36,774 : 35316008087 is not in the GNP Database and will continue.
2016-05-20 18:04:36,775 :  Checking 35316008092 in NGIN GNP Database.
2016-05-20 18:04:36,823 : Subscription 35316008092 is not Ported!!!
2016-05-20 18:04:36,824 : 35316008092 is not in the GNP Database and will continue.
2016-05-20 18:04:36,824 :  Checking 35316008093 in NGIN GNP Database.
2016-05-20 18:04:36,873 : Subscription 35316008093 is not Ported!!!
2016-05-20 18:04:36,875 : 35316008093 is not in the GNP Database and will continue.
2016-05-20 18:04:36,876 :  Checking 35316008094 in NGIN GNP Database.
2016-05-20 18:04:36,928 : Subscription 35316008094 is not Ported!!!
2016-05-20 18:04:36,929 : 35316008094 is not in the GNP Database and will continue.
2016-05-20 18:04:36,930 :  Checking 35316008095 in NGIN GNP Database.
2016-05-20 18:04:36,980 : Subscription 35316008095 is not Ported!!!
2016-05-20 18:04:36,981 : 35316008095 is not in the GNP Database and will continue.
2016-05-20 18:04:36,981 :  Checking 35316008096 in NGIN GNP Database.
2016-05-20 18:04:37,031 : Subscription 35316008096 is not Ported!!!
2016-05-20 18:04:37,032 : 35316008096 is not in the GNP Database and will continue.
2016-05-20 18:04:37,032 :  Checking 35316008098 in NGIN GNP Database.
2016-05-20 18:04:37,081 : Subscription 35316008098 is not Ported!!!
2016-05-20 18:04:37,081 : 35316008098 is not in the GNP Database and will continue.
2016-05-20 18:04:37,082 :  Checking 35316008101 in NGIN GNP Database.
2016-05-20 18:04:37,131 : Subscription 35316008101 is Already Ported !!!!
2016-05-20 18:04:37,132 : 35316008101 is already ported.
2016-05-20 18:04:37,133 :  Checking 35316008102 in NGIN GNP Database.
2016-05-20 18:04:37,189 : Subscription 35316008102 is Already Ported !!!!
2016-05-20 18:04:37,191 : 35316008102 is already ported.
2016-05-20 18:04:37,191 :  Checking 35316008104 in NGIN GNP Database.
2016-05-20 18:04:37,252 : Subscription 35316008104 is Already Ported !!!!
2016-05-20 18:04:37,253 : 35316008104 is already ported.
2016-05-20 18:04:37,254 :  Checking 35316008105 in NGIN GNP Database.
2016-05-20 18:04:37,305 : Subscription 35316008105 is Already Ported !!!!
2016-05-20 18:04:37,307 : 35316008105 is already ported.
2016-05-20 18:04:37,308 :  Checking 35316008108 in NGIN GNP Database.
2016-05-20 18:04:37,363 : Subscription 35316008108 is Already Ported !!!!
2016-05-20 18:04:37,364 : 35316008108 is already ported.
2016-05-20 18:04:37,365 :  Checking 35316008109 in NGIN GNP Database.
2016-05-20 18:04:37,416 : Subscription 35316008109 is Already Ported !!!!
2016-05-20 18:04:37,418 : 35316008109 is already ported.
2016-05-20 18:04:37,419 :  Checking 35316008111 in NGIN GNP Database.
2016-05-20 18:04:37,471 : Subscription 35316008111 is Already Ported !!!!
2016-05-20 18:04:37,473 : 35316008111 is already ported.
2016-05-20 18:04:37,473 :  Checking 35316008112 in NGIN GNP Database.
2016-05-20 18:04:37,525 : Subscription 35316008112 is Already Ported !!!!
2016-05-20 18:04:37,527 : 35316008112 is already ported.
2016-05-20 18:04:37,528 :  Checking 35316008113 in NGIN GNP Database.
2016-05-20 18:04:37,579 : Subscription 35316008113 is Already Ported !!!!
2016-05-20 18:04:37,581 : 35316008113 is already ported.
2016-05-20 18:04:37,581 :  Checking 35316008115 in NGIN GNP Database.
2016-05-20 18:04:37,631 : Subscription 35316008115 is Already Ported !!!!
2016-05-20 18:04:37,632 : 35316008115 is already ported.
2016-05-20 18:04:37,632 :  Checking 35316008116 in NGIN GNP Database.
2016-05-20 18:04:37,683 : Subscription 35316008116 is Already Ported !!!!
2016-05-20 18:04:37,684 : 35316008116 is already ported.
2016-05-20 18:04:37,684 :  Checking 35316008118 in NGIN GNP Database.
2016-05-20 18:04:37,735 : Subscription 35316008118 is Already Ported !!!!
2016-05-20 18:04:37,737 : 35316008118 is already ported.
2016-05-20 18:04:37,738 :  Checking 35316008129 in NGIN GNP Database.
2016-05-20 18:04:37,791 : Subscription 35316008129 is Already Ported !!!!
2016-05-20 18:04:37,793 : 35316008129 is already ported.
2016-05-20 18:04:37,793 :  Checking 35316008130 in NGIN GNP Database.
2016-05-20 18:04:37,846 : Subscription 35316008130 is Already Ported !!!!
2016-05-20 18:04:37,848 : 35316008130 is already ported.
2016-05-20 18:04:37,848 :  Checking 35316008131 in NGIN GNP Database.
2016-05-20 18:04:37,902 : Subscription 35316008131 is Already Ported !!!!
2016-05-20 18:04:37,903 : 35316008131 is already ported.
2016-05-20 18:04:37,904 :  Checking 35316008132 in NGIN GNP Database.
2016-05-20 18:04:37,963 : Subscription 35316008132 is Already Ported !!!!
2016-05-20 18:04:37,964 : 35316008132 is already ported.
2016-05-20 18:04:37,965 :  Checking 35316008134 in NGIN GNP Database.
2016-05-20 18:04:38,024 : Subscription 35316008134 is Already Ported !!!!
2016-05-20 18:04:38,024 : 35316008134 is already ported.
2016-05-20 18:04:38,025 :  Checking 35316008135 in NGIN GNP Database.
2016-05-20 18:04:38,077 : Subscription 35316008135 is Already Ported !!!!
2016-05-20 18:04:38,079 : 35316008135 is already ported.
2016-05-20 18:04:38,080 :  Checking 35316008137 in NGIN GNP Database.
2016-05-20 18:04:38,131 : Subscription 35316008137 is Already Ported !!!!
2016-05-20 18:04:38,132 : 35316008137 is already ported.
2016-05-20 18:04:38,132 :  Checking 35316008138 in NGIN GNP Database.
2016-05-20 18:04:38,184 : Subscription 35316008138 is Already Ported !!!!
2016-05-20 18:04:38,186 : 35316008138 is already ported.
2016-05-20 18:04:38,187 :  Checking 35316008142 in NGIN GNP Database.
2016-05-20 18:04:38,240 : Subscription 35316008142 is Already Ported !!!!
2016-05-20 18:04:38,241 : 35316008142 is already ported.
2016-05-20 18:04:38,242 :  Checking 35316008150 in NGIN GNP Database.
2016-05-20 18:04:38,293 : Subscription 35316008150 is Already Ported !!!!
2016-05-20 18:04:38,295 : 35316008150 is already ported.
2016-05-20 18:04:38,296 :  Checking 35316008154 in NGIN GNP Database.
2016-05-20 18:04:38,349 : Subscription 35316008154 is Already Ported !!!!
2016-05-20 18:04:38,351 : 35316008154 is already ported.
2016-05-20 18:04:38,352 :  Checking 35316008159 in NGIN GNP Database.
2016-05-20 18:04:38,403 : Subscription 35316008159 is Already Ported !!!!
2016-05-20 18:04:38,404 : 35316008159 is already ported.
2016-05-20 18:04:38,404 :  Checking 35316008164 in NGIN GNP Database.
2016-05-20 18:04:38,455 : Subscription 35316008164 is Already Ported !!!!
2016-05-20 18:04:38,457 : 35316008164 is already ported.
2016-05-20 18:04:38,458 :  Checking 35316008167 in NGIN GNP Database.
2016-05-20 18:04:38,514 : Subscription 35316008167 is Already Ported !!!!
2016-05-20 18:04:38,516 : 35316008167 is already ported.
2016-05-20 18:04:38,517 :  Checking 35316008170 in NGIN GNP Database.
2016-05-20 18:04:38,568 : Subscription 35316008170 is Already Ported !!!!
2016-05-20 18:04:38,570 : 35316008170 is already ported.
2016-05-20 18:04:38,571 :  Checking 35316008171 in NGIN GNP Database.
2016-05-20 18:04:38,622 : Subscription 35316008171 is Already Ported !!!!
2016-05-20 18:04:38,623 : 35316008171 is already ported.
2016-05-20 18:04:38,624 :  Checking 35316008177 in NGIN GNP Database.
2016-05-20 18:04:38,680 : Subscription 35316008177 is Already Ported !!!!
2016-05-20 18:04:38,682 : 35316008177 is already ported.
2016-05-20 18:04:38,683 :  Checking 35316008191 in NGIN GNP Database.
2016-05-20 18:04:38,737 : Subscription 35316008191 is Already Ported !!!!
2016-05-20 18:04:38,739 : 35316008191 is already ported.
2016-05-20 18:04:38,740 :  Checking 35316008198 in NGIN GNP Database.
2016-05-20 18:04:38,795 : Subscription 35316008198 is Already Ported !!!!
2016-05-20 18:04:38,796 : 35316008198 is already ported.
2016-05-20 18:04:38,797 :  Checking 35316008205 in NGIN GNP Database.
2016-05-20 18:04:38,870 : Subscription 35316008205 is Already Ported !!!!
2016-05-20 18:04:38,872 : 35316008205 is already ported.
2016-05-20 18:04:38,873 :  Checking 35316008206 in NGIN GNP Database.
2016-05-20 18:04:38,927 : Subscription 35316008206 is Already Ported !!!!
2016-05-20 18:04:38,929 : 35316008206 is already ported.
2016-05-20 18:04:38,931 :  Checking 35316008210 in NGIN GNP Database.
2016-05-20 18:04:38,984 : Subscription 35316008210 is Already Ported !!!!
2016-05-20 18:04:38,986 : 35316008210 is already ported.
2016-05-20 18:04:38,987 :  Checking 35316008211 in NGIN GNP Database.
2016-05-20 18:04:39,053 : Subscription 35316008211 is Already Ported !!!!
2016-05-20 18:04:39,054 : 35316008211 is already ported.
2016-05-20 18:04:39,055 :  Checking 35316008212 in NGIN GNP Database.
2016-05-20 18:04:39,104 : Subscription 35316008212 is Already Ported !!!!
2016-05-20 18:04:39,104 : 35316008212 is already ported.
2016-05-20 18:04:39,105 :  Checking 35316008217 in NGIN GNP Database.
2016-05-20 18:04:39,162 : Subscription 35316008217 is Already Ported !!!!
2016-05-20 18:04:39,163 : 35316008217 is already ported.
2016-05-20 18:04:39,934 : The subscription +35316008101 is already provisioned on the BW Platform. Please verify!!
2016-05-20 18:04:42,702 :  +35316008101 Hosted Office Subscription is deleted!
2016-05-20 18:04:42,766 :  NGIN PORT: 35316008101Subscription Deleted !!!!
2016-05-20 18:04:43,449 : The subscription +35316008102 is already provisioned on the BW Platform. Please verify!!
2016-05-20 18:04:43,893 :  +35316008102 Hosted Office Subscription is deleted!
2016-05-20 18:04:43,947 :  NGIN PORT: 35316008102Subscription Deleted !!!!
2016-05-20 18:04:44,624 : The subscription +35316008104 is already provisioned on the BW Platform. Please verify!!
2016-05-20 18:04:45,082 :  +35316008104 Hosted Office Subscription is deleted!
2016-05-20 18:04:45,135 :  NGIN PORT: 35316008104Subscription Deleted !!!!
2016-05-20 18:04:45,792 : The subscription +35316008105 is already provisioned on the BW Platform. Please verify!!
2016-05-20 18:04:46,189 :  +35316008105 Hosted Office Subscription is deleted!
2016-05-20 18:04:46,292 :  NGIN PORT: 35316008105Subscription Deleted !!!!
2016-05-20 18:04:46,952 : The subscription +35316008108 is already provisioned on the BW Platform. Please verify!!
2016-05-20 18:04:47,363 :  +35316008108 Hosted Office Subscription is deleted!
2016-05-20 18:04:47,505 :  NGIN PORT: 35316008108Subscription Deleted !!!!
2016-05-20 18:04:48,211 : The subscription +35316008109 is already provisioned on the BW Platform. Please verify!!
2016-05-20 18:04:48,702 :  +35316008109 Hosted Office Subscription is deleted!
2016-05-20 18:04:48,758 :  NGIN PORT: 35316008109Subscription Deleted !!!!
2016-05-20 18:04:49,423 : The subscription +35316008111 is already provisioned on the BW Platform. Please verify!!
2016-05-20 18:04:49,910 :  +35316008111 Hosted Office Subscription is deleted!
2016-05-20 18:04:49,965 :  NGIN PORT: 35316008111Subscription Deleted !!!!
2016-05-20 18:04:50,652 : The subscription +35316008112 is already provisioned on the BW Platform. Please verify!!
2016-05-20 18:04:51,116 :  +35316008112 Hosted Office Subscription is deleted!
2016-05-20 18:04:51,180 :  NGIN PORT: 35316008112Subscription Deleted !!!!
2016-05-20 18:04:51,864 : The subscription +35316008113 is already provisioned on the BW Platform. Please verify!!
2016-05-20 18:04:52,305 :  +35316008113 Hosted Office Subscription is deleted!
2016-05-20 18:04:52,356 :  NGIN PORT: 35316008113Subscription Deleted !!!!
2016-05-20 18:04:53,031 : The subscription +35316008115 is already provisioned on the BW Platform. Please verify!!
2016-05-20 18:04:53,510 :  +35316008115 Hosted Office Subscription is deleted!
2016-05-20 18:04:53,560 :  NGIN PORT: 35316008115Subscription Deleted !!!!
2016-05-20 18:04:54,233 : The subscription +35316008116 is already provisioned on the BW Platform. Please verify!!
2016-05-20 18:04:54,686 :  +35316008116 Hosted Office Subscription is deleted!
2016-05-20 18:04:54,740 :  NGIN PORT: 35316008116Subscription Deleted !!!!
2016-05-20 18:04:55,412 : The subscription +35316008118 is already provisioned on the BW Platform. Please verify!!
2016-05-20 18:04:55,802 :  +35316008118 Hosted Office Subscription is deleted!
2016-05-20 18:04:55,852 :  NGIN PORT: 35316008118Subscription Deleted !!!!
2016-05-20 18:04:56,523 : The subscription +35316008129 is already provisioned on the BW Platform. Please verify!!
2016-05-20 18:04:56,995 :  +35316008129 Hosted Office Subscription is deleted!
2016-05-20 18:04:57,046 :  NGIN PORT: 35316008129Subscription Deleted !!!!
2016-05-20 18:04:57,706 : The subscription +35316008130 is already provisioned on the BW Platform. Please verify!!
2016-05-20 18:04:58,119 :  +35316008130 Hosted Office Subscription is deleted!
2016-05-20 18:04:58,170 :  NGIN PORT: 35316008130Subscription Deleted !!!!
2016-05-20 18:04:58,839 : The subscription +35316008131 is already provisioned on the BW Platform. Please verify!!
2016-05-20 18:04:59,316 :  +35316008131 Hosted Office Subscription is deleted!
2016-05-20 18:04:59,367 :  NGIN PORT: 35316008131Subscription Deleted !!!!
2016-05-20 18:05:00,038 : The subscription +35316008132 is already provisioned on the BW Platform. Please verify!!
2016-05-20 18:05:00,519 :  +35316008132 Hosted Office Subscription is deleted!
2016-05-20 18:05:00,570 :  NGIN PORT: 35316008132Subscription Deleted !!!!
2016-05-20 18:05:01,242 : The subscription +35316008134 is already provisioned on the BW Platform. Please verify!!
2016-05-20 18:05:01,741 :  +35316008134 Hosted Office Subscription is deleted!
2016-05-20 18:05:01,801 :  NGIN PORT: 35316008134Subscription Deleted !!!!
2016-05-20 18:05:02,476 : The subscription +35316008135 is already provisioned on the BW Platform. Please verify!!
2016-05-20 18:05:02,941 :  +35316008135 Hosted Office Subscription is deleted!
2016-05-20 18:05:03,006 :  NGIN PORT: 35316008135Subscription Deleted !!!!
2016-05-20 18:05:03,662 : The subscription +35316008137 is already provisioned on the BW Platform. Please verify!!
2016-05-20 18:05:04,071 :  +35316008137 Hosted Office Subscription is deleted!
2016-05-20 18:05:04,123 :  NGIN PORT: 35316008137Subscription Deleted !!!!
2016-05-20 18:05:04,790 : The subscription +35316008138 is already provisioned on the BW Platform. Please verify!!
2016-05-20 18:05:05,268 :  +35316008138 Hosted Office Subscription is deleted!
2016-05-20 18:05:05,329 :  NGIN PORT: 35316008138Subscription Deleted !!!!
2016-05-20 18:05:06,010 : The subscription +35316008142 is already provisioned on the BW Platform. Please verify!!
2016-05-20 18:05:06,487 :  +35316008142 Hosted Office Subscription is deleted!
2016-05-20 18:05:06,545 :  NGIN PORT: 35316008142Subscription Deleted !!!!
2016-05-20 18:05:07,223 : The subscription +35316008150 is already provisioned on the BW Platform. Please verify!!
2016-05-20 18:05:07,695 :  +35316008150 Hosted Office Subscription is deleted!
2016-05-20 18:05:07,744 :  NGIN PORT: 35316008150Subscription Deleted !!!!
2016-05-20 18:05:08,389 : The subscription +35316008154 is already provisioned on the BW Platform. Please verify!!
2016-05-20 18:05:08,785 :  +35316008154 Hosted Office Subscription is deleted!
2016-05-20 18:05:08,862 :  NGIN PORT: 35316008154Subscription Deleted !!!!
2016-05-20 18:05:09,504 : The subscription +35316008159 is already provisioned on the BW Platform. Please verify!!
2016-05-20 18:05:09,903 :  +35316008159 Hosted Office Subscription is deleted!
2016-05-20 18:05:09,955 :  NGIN PORT: 35316008159Subscription Deleted !!!!
2016-05-20 18:05:10,619 : The subscription +35316008164 is already provisioned on the BW Platform. Please verify!!
2016-05-20 18:05:11,069 :  +35316008164 Hosted Office Subscription is deleted!
2016-05-20 18:05:11,120 :  NGIN PORT: 35316008164Subscription Deleted !!!!
2016-05-20 18:05:11,794 : The subscription +35316008167 is already provisioned on the BW Platform. Please verify!!
2016-05-20 18:05:12,242 :  +35316008167 Hosted Office Subscription is deleted!
2016-05-20 18:05:12,292 :  NGIN PORT: 35316008167Subscription Deleted !!!!
2016-05-20 18:05:12,939 : The subscription +35316008170 is already provisioned on the BW Platform. Please verify!!
2016-05-20 18:05:13,391 :  +35316008170 Hosted Office Subscription is deleted!
2016-05-20 18:05:13,442 :  NGIN PORT: 35316008170Subscription Deleted !!!!
2016-05-20 18:05:14,105 : The subscription +35316008171 is already provisioned on the BW Platform. Please verify!!
2016-05-20 18:05:14,580 :  +35316008171 Hosted Office Subscription is deleted!
2016-05-20 18:05:14,633 :  NGIN PORT: 35316008171Subscription Deleted !!!!
2016-05-20 18:05:15,290 : The subscription +35316008177 is already provisioned on the BW Platform. Please verify!!
2016-05-20 18:05:15,747 :  +35316008177 Hosted Office Subscription is deleted!
2016-05-20 18:05:15,799 :  NGIN PORT: 35316008177Subscription Deleted !!!!
2016-05-20 18:05:16,443 : The subscription +35316008191 is already provisioned on the BW Platform. Please verify!!
2016-05-20 18:05:16,859 :  +35316008191 Hosted Office Subscription is deleted!
2016-05-20 18:05:16,914 :  NGIN PORT: 35316008191Subscription Deleted !!!!
2016-05-20 18:05:17,597 : The subscription +35316008198 is already provisioned on the BW Platform. Please verify!!
2016-05-20 18:05:18,069 :  +35316008198 Hosted Office Subscription is deleted!
2016-05-20 18:05:18,122 :  NGIN PORT: 35316008198Subscription Deleted !!!!
2016-05-20 18:05:18,801 : The subscription +35316008205 is already provisioned on the BW Platform. Please verify!!
2016-05-20 18:05:19,265 :  +35316008205 Hosted Office Subscription is deleted!
2016-05-20 18:05:19,317 :  NGIN PORT: 35316008205Subscription Deleted !!!!
2016-05-20 18:05:20,002 : The subscription +35316008206 is already provisioned on the BW Platform. Please verify!!
2016-05-20 18:05:20,479 :  +35316008206 Hosted Office Subscription is deleted!
2016-05-20 18:05:20,534 :  NGIN PORT: 35316008206Subscription Deleted !!!!
2016-05-20 18:05:21,222 : The subscription +35316008210 is already provisioned on the BW Platform. Please verify!!
2016-05-20 18:05:21,680 :  +35316008210 Hosted Office Subscription is deleted!
2016-05-20 18:05:21,733 :  NGIN PORT: 35316008210Subscription Deleted !!!!
2016-05-20 18:05:22,377 : The subscription +35316008211 is already provisioned on the BW Platform. Please verify!!
2016-05-20 18:05:22,774 :  +35316008211 Hosted Office Subscription is deleted!
2016-05-20 18:05:22,825 :  NGIN PORT: 35316008211Subscription Deleted !!!!
2016-05-20 18:05:23,503 : The subscription +35316008212 is already provisioned on the BW Platform. Please verify!!
2016-05-20 18:05:23,973 :  +35316008212 Hosted Office Subscription is deleted!
2016-05-20 18:05:24,048 :  NGIN PORT: 35316008212Subscription Deleted !!!!
2016-05-20 18:05:24,686 : The subscription +35316008217 is already provisioned on the BW Platform. Please verify!!
2016-05-20 18:05:25,087 :  +35316008217 Hosted Office Subscription is deleted!
2016-05-20 18:05:25,161 :  NGIN PORT: 35316008217Subscription Deleted !!!!
2016-05-20 18:05:25,736 : No Action: Not Ported /No BWAS sub for +35316008036
2016-05-20 18:05:26,317 : No Action: Not Ported /No BWAS sub for +35316008037
2016-05-20 18:05:26,906 : No Action: Not Ported /No BWAS sub for +35316008039
2016-05-20 18:05:27,483 : No Action: Not Ported /No BWAS sub for +35316008043
2016-05-20 18:05:28,078 : No Action: Not Ported /No BWAS sub for +35316008048
2016-05-20 18:05:28,664 : No Action: Not Ported /No BWAS sub for +35316008051
2016-05-20 18:05:29,251 : No Action: Not Ported /No BWAS sub for +35316008054
2016-05-20 18:05:29,842 : No Action: Not Ported /No BWAS sub for +35316008065
2016-05-20 18:05:30,426 : No Action: Not Ported /No BWAS sub for +35316008071
2016-05-20 18:05:31,000 : No Action: Not Ported /No BWAS sub for +35316008075
2016-05-20 18:05:31,596 : No Action: Not Ported /No BWAS sub for +35316008076
2016-05-20 18:05:32,170 : No Action: Not Ported /No BWAS sub for +35316008078
2016-05-20 18:05:32,761 : No Action: Not Ported /No BWAS sub for +35316008082
2016-05-20 18:05:33,349 : No Action: Not Ported /No BWAS sub for +35316008087
2016-05-20 18:05:33,928 : No Action: Not Ported /No BWAS sub for +35316008092
2016-05-20 18:05:34,514 : No Action: Not Ported /No BWAS sub for +35316008093
2016-05-20 18:05:35,092 : No Action: Not Ported /No BWAS sub for +35316008094
2016-05-20 18:05:35,666 : No Action: Not Ported /No BWAS sub for +35316008095
2016-05-20 18:05:36,261 : No Action: Not Ported /No BWAS sub for +35316008096
2016-05-20 18:05:36,846 : No Action: Not Ported /No BWAS sub for +35316008098
