2016-05-20 17:46:55,731 : Subscription 999 is not Ported!!!
2016-05-20 17:46:55,733 :  Checking 35316008036 in NGIN GNP Database.
2016-05-20 17:46:55,825 : Subscription 35316008036 is not Ported!!!
2016-05-20 17:46:55,826 : 35316008036 is not in the GNP Database and will continue.
2016-05-20 17:46:55,827 :  Checking 35316008037 in NGIN GNP Database.
2016-05-20 17:46:55,917 : Subscription 35316008037 is not Ported!!!
2016-05-20 17:46:55,918 : 35316008037 is not in the GNP Database and will continue.
2016-05-20 17:46:55,920 :  Checking 35316008039 in NGIN GNP Database.
2016-05-20 17:46:56,015 : Subscription 35316008039 is not Ported!!!
2016-05-20 17:46:56,016 : 35316008039 is not in the GNP Database and will continue.
2016-05-20 17:46:56,017 :  Checking 35316008043 in NGIN GNP Database.
2016-05-20 17:46:56,100 : Subscription 35316008043 is not Ported!!!
2016-05-20 17:46:56,102 : 35316008043 is not in the GNP Database and will continue.
2016-05-20 17:46:56,102 :  Checking 35316008048 in NGIN GNP Database.
2016-05-20 17:46:56,150 : Subscription 35316008048 is not Ported!!!
2016-05-20 17:46:56,151 : 35316008048 is not in the GNP Database and will continue.
2016-05-20 17:46:56,152 :  Checking 35316008051 in NGIN GNP Database.
2016-05-20 17:46:56,201 : Subscription 35316008051 is not Ported!!!
2016-05-20 17:46:56,202 : 35316008051 is not in the GNP Database and will continue.
2016-05-20 17:46:56,204 :  Checking 35316008054 in NGIN GNP Database.
2016-05-20 17:46:56,253 : Subscription 35316008054 is not Ported!!!
2016-05-20 17:46:56,255 : 35316008054 is not in the GNP Database and will continue.
2016-05-20 17:46:56,255 :  Checking 35316008065 in NGIN GNP Database.
2016-05-20 17:46:56,303 : Subscription 35316008065 is not Ported!!!
2016-05-20 17:46:56,304 : 35316008065 is not in the GNP Database and will continue.
2016-05-20 17:46:56,304 :  Checking 35316008071 in NGIN GNP Database.
2016-05-20 17:46:56,354 : Subscription 35316008071 is not Ported!!!
2016-05-20 17:46:56,355 : 35316008071 is not in the GNP Database and will continue.
2016-05-20 17:46:56,356 :  Checking 35316008075 in NGIN GNP Database.
2016-05-20 17:46:56,406 : Subscription 35316008075 is not Ported!!!
2016-05-20 17:46:56,408 : 35316008075 is not in the GNP Database and will continue.
2016-05-20 17:46:56,408 :  Checking 35316008076 in NGIN GNP Database.
2016-05-20 17:46:56,459 : Subscription 35316008076 is not Ported!!!
2016-05-20 17:46:56,460 : 35316008076 is not in the GNP Database and will continue.
2016-05-20 17:46:56,461 :  Checking 35316008078 in NGIN GNP Database.
2016-05-20 17:46:56,517 : Subscription 35316008078 is not Ported!!!
2016-05-20 17:46:56,519 : 35316008078 is not in the GNP Database and will continue.
2016-05-20 17:46:56,520 :  Checking 35316008082 in NGIN GNP Database.
2016-05-20 17:46:56,570 : Subscription 35316008082 is not Ported!!!
2016-05-20 17:46:56,571 : 35316008082 is not in the GNP Database and will continue.
2016-05-20 17:46:56,571 :  Checking 35316008087 in NGIN GNP Database.
2016-05-20 17:46:56,620 : Subscription 35316008087 is not Ported!!!
2016-05-20 17:46:56,621 : 35316008087 is not in the GNP Database and will continue.
2016-05-20 17:46:56,622 :  Checking 35316008092 in NGIN GNP Database.
2016-05-20 17:46:56,670 : Subscription 35316008092 is not Ported!!!
2016-05-20 17:46:56,671 : 35316008092 is not in the GNP Database and will continue.
2016-05-20 17:46:56,672 :  Checking 35316008093 in NGIN GNP Database.
2016-05-20 17:46:56,722 : Subscription 35316008093 is not Ported!!!
2016-05-20 17:46:56,723 : 35316008093 is not in the GNP Database and will continue.
2016-05-20 17:46:56,723 :  Checking 35316008094 in NGIN GNP Database.
2016-05-20 17:46:56,771 : Subscription 35316008094 is not Ported!!!
2016-05-20 17:46:56,772 : 35316008094 is not in the GNP Database and will continue.
2016-05-20 17:46:56,772 :  Checking 35316008095 in NGIN GNP Database.
2016-05-20 17:46:56,819 : Subscription 35316008095 is not Ported!!!
2016-05-20 17:46:56,821 : 35316008095 is not in the GNP Database and will continue.
2016-05-20 17:46:56,821 :  Checking 35316008096 in NGIN GNP Database.
2016-05-20 17:46:56,869 : Subscription 35316008096 is not Ported!!!
2016-05-20 17:46:56,870 : 35316008096 is not in the GNP Database and will continue.
2016-05-20 17:46:56,870 :  Checking 35316008098 in NGIN GNP Database.
2016-05-20 17:46:56,917 : Subscription 35316008098 is not Ported!!!
2016-05-20 17:46:56,919 : 35316008098 is not in the GNP Database and will continue.
2016-05-20 17:46:56,920 :  Checking 35316008101 in NGIN GNP Database.
2016-05-20 17:46:56,971 : Subscription 35316008101 is not Ported!!!
2016-05-20 17:46:56,972 : 35316008101 is not in the GNP Database and will continue.
2016-05-20 17:46:56,972 :  Checking 35316008102 in NGIN GNP Database.
2016-05-20 17:46:57,036 : Subscription 35316008102 is not Ported!!!
2016-05-20 17:46:57,037 : 35316008102 is not in the GNP Database and will continue.
2016-05-20 17:46:57,038 :  Checking 35316008104 in NGIN GNP Database.
2016-05-20 17:46:57,091 : Subscription 35316008104 is not Ported!!!
2016-05-20 17:46:57,092 : 35316008104 is not in the GNP Database and will continue.
2016-05-20 17:46:57,092 :  Checking 35316008105 in NGIN GNP Database.
2016-05-20 17:46:57,142 : Subscription 35316008105 is not Ported!!!
2016-05-20 17:46:57,142 : 35316008105 is not in the GNP Database and will continue.
2016-05-20 17:46:57,143 :  Checking 35316008108 in NGIN GNP Database.
2016-05-20 17:46:57,193 : Subscription 35316008108 is not Ported!!!
2016-05-20 17:46:57,193 : 35316008108 is not in the GNP Database and will continue.
2016-05-20 17:46:57,194 :  Checking 35316008109 in NGIN GNP Database.
2016-05-20 17:46:57,241 : Subscription 35316008109 is not Ported!!!
2016-05-20 17:46:57,242 : 35316008109 is not in the GNP Database and will continue.
2016-05-20 17:46:57,242 :  Checking 35316008111 in NGIN GNP Database.
2016-05-20 17:46:57,289 : Subscription 35316008111 is not Ported!!!
2016-05-20 17:46:57,290 : 35316008111 is not in the GNP Database and will continue.
2016-05-20 17:46:57,291 :  Checking 35316008112 in NGIN GNP Database.
2016-05-20 17:46:57,340 : Subscription 35316008112 is not Ported!!!
2016-05-20 17:46:57,341 : 35316008112 is not in the GNP Database and will continue.
2016-05-20 17:46:57,341 :  Checking 35316008113 in NGIN GNP Database.
2016-05-20 17:46:57,391 : Subscription 35316008113 is not Ported!!!
2016-05-20 17:46:57,392 : 35316008113 is not in the GNP Database and will continue.
2016-05-20 17:46:57,393 :  Checking 35316008115 in NGIN GNP Database.
2016-05-20 17:46:57,442 : Subscription 35316008115 is not Ported!!!
2016-05-20 17:46:57,443 : 35316008115 is not in the GNP Database and will continue.
2016-05-20 17:46:57,443 :  Checking 35316008116 in NGIN GNP Database.
2016-05-20 17:46:57,492 : Subscription 35316008116 is not Ported!!!
2016-05-20 17:46:57,493 : 35316008116 is not in the GNP Database and will continue.
2016-05-20 17:46:57,494 :  Checking 35316008118 in NGIN GNP Database.
2016-05-20 17:46:57,541 : Subscription 35316008118 is not Ported!!!
2016-05-20 17:46:57,542 : 35316008118 is not in the GNP Database and will continue.
2016-05-20 17:46:57,542 :  Checking 35316008129 in NGIN GNP Database.
2016-05-20 17:46:57,590 : Subscription 35316008129 is not Ported!!!
2016-05-20 17:46:57,591 : 35316008129 is not in the GNP Database and will continue.
2016-05-20 17:46:57,592 :  Checking 35316008130 in NGIN GNP Database.
2016-05-20 17:46:57,641 : Subscription 35316008130 is not Ported!!!
2016-05-20 17:46:57,642 : 35316008130 is not in the GNP Database and will continue.
2016-05-20 17:46:57,642 :  Checking 35316008131 in NGIN GNP Database.
2016-05-20 17:46:57,693 : Subscription 35316008131 is not Ported!!!
2016-05-20 17:46:57,694 : 35316008131 is not in the GNP Database and will continue.
2016-05-20 17:46:57,694 :  Checking 35316008132 in NGIN GNP Database.
2016-05-20 17:46:57,742 : Subscription 35316008132 is not Ported!!!
2016-05-20 17:46:57,743 : 35316008132 is not in the GNP Database and will continue.
2016-05-20 17:46:57,743 :  Checking 35316008134 in NGIN GNP Database.
2016-05-20 17:46:57,790 : Subscription 35316008134 is not Ported!!!
2016-05-20 17:46:57,791 : 35316008134 is not in the GNP Database and will continue.
2016-05-20 17:46:57,791 :  Checking 35316008135 in NGIN GNP Database.
2016-05-20 17:46:57,839 : Subscription 35316008135 is not Ported!!!
2016-05-20 17:46:57,840 : 35316008135 is not in the GNP Database and will continue.
2016-05-20 17:46:57,841 :  Checking 35316008137 in NGIN GNP Database.
2016-05-20 17:46:57,890 : Subscription 35316008137 is not Ported!!!
2016-05-20 17:46:57,891 : 35316008137 is not in the GNP Database and will continue.
2016-05-20 17:46:57,892 :  Checking 35316008138 in NGIN GNP Database.
2016-05-20 17:46:57,937 : Subscription 35316008138 is not Ported!!!
2016-05-20 17:46:57,938 : 35316008138 is not in the GNP Database and will continue.
2016-05-20 17:46:57,938 :  Checking 35316008142 in NGIN GNP Database.
2016-05-20 17:46:57,984 : Subscription 35316008142 is not Ported!!!
2016-05-20 17:46:57,985 : 35316008142 is not in the GNP Database and will continue.
2016-05-20 17:46:57,985 :  Checking 35316008150 in NGIN GNP Database.
2016-05-20 17:46:58,033 : Subscription 35316008150 is not Ported!!!
2016-05-20 17:46:58,033 : 35316008150 is not in the GNP Database and will continue.
2016-05-20 17:46:58,034 :  Checking 35316008154 in NGIN GNP Database.
2016-05-20 17:46:58,087 : Subscription 35316008154 is not Ported!!!
2016-05-20 17:46:58,088 : 35316008154 is not in the GNP Database and will continue.
2016-05-20 17:46:58,089 :  Checking 35316008159 in NGIN GNP Database.
2016-05-20 17:46:58,148 : Subscription 35316008159 is not Ported!!!
2016-05-20 17:46:58,149 : 35316008159 is not in the GNP Database and will continue.
2016-05-20 17:46:58,149 :  Checking 35316008164 in NGIN GNP Database.
2016-05-20 17:46:58,195 : Subscription 35316008164 is not Ported!!!
2016-05-20 17:46:58,195 : 35316008164 is not in the GNP Database and will continue.
2016-05-20 17:46:58,196 :  Checking 35316008167 in NGIN GNP Database.
2016-05-20 17:46:58,242 : Subscription 35316008167 is not Ported!!!
2016-05-20 17:46:58,243 : 35316008167 is not in the GNP Database and will continue.
2016-05-20 17:46:58,244 :  Checking 35316008170 in NGIN GNP Database.
2016-05-20 17:46:58,289 : Subscription 35316008170 is not Ported!!!
2016-05-20 17:46:58,290 : 35316008170 is not in the GNP Database and will continue.
2016-05-20 17:46:58,291 :  Checking 35316008171 in NGIN GNP Database.
2016-05-20 17:46:58,336 : Subscription 35316008171 is not Ported!!!
2016-05-20 17:46:58,337 : 35316008171 is not in the GNP Database and will continue.
2016-05-20 17:46:58,337 :  Checking 35316008177 in NGIN GNP Database.
2016-05-20 17:46:58,386 : Subscription 35316008177 is not Ported!!!
2016-05-20 17:46:58,387 : 35316008177 is not in the GNP Database and will continue.
2016-05-20 17:46:58,387 :  Checking 35316008191 in NGIN GNP Database.
2016-05-20 17:46:58,435 : Subscription 35316008191 is not Ported!!!
2016-05-20 17:46:58,436 : 35316008191 is not in the GNP Database and will continue.
2016-05-20 17:46:58,437 :  Checking 35316008198 in NGIN GNP Database.
2016-05-20 17:46:58,495 : Subscription 35316008198 is not Ported!!!
2016-05-20 17:46:58,496 : 35316008198 is not in the GNP Database and will continue.
2016-05-20 17:46:58,497 :  Checking 35316008205 in NGIN GNP Database.
2016-05-20 17:46:58,548 : Subscription 35316008205 is not Ported!!!
2016-05-20 17:46:58,550 : 35316008205 is not in the GNP Database and will continue.
2016-05-20 17:46:58,550 :  Checking 35316008206 in NGIN GNP Database.
2016-05-20 17:46:58,598 : Subscription 35316008206 is not Ported!!!
2016-05-20 17:46:58,599 : 35316008206 is not in the GNP Database and will continue.
2016-05-20 17:46:58,599 :  Checking 35316008210 in NGIN GNP Database.
2016-05-20 17:46:58,647 : Subscription 35316008210 is not Ported!!!
2016-05-20 17:46:58,648 : 35316008210 is not in the GNP Database and will continue.
2016-05-20 17:46:58,649 :  Checking 35316008211 in NGIN GNP Database.
2016-05-20 17:46:58,703 : Subscription 35316008211 is not Ported!!!
2016-05-20 17:46:58,705 : 35316008211 is not in the GNP Database and will continue.
2016-05-20 17:46:58,706 :  Checking 35316008212 in NGIN GNP Database.
2016-05-20 17:46:58,757 : Subscription 35316008212 is not Ported!!!
2016-05-20 17:46:58,758 : 35316008212 is not in the GNP Database and will continue.
2016-05-20 17:46:58,759 :  Checking 35316008217 in NGIN GNP Database.
2016-05-20 17:46:58,807 : Subscription 35316008217 is not Ported!!!
2016-05-20 17:46:58,808 : 35316008217 is not in the GNP Database and will continue.
2016-05-20 17:47:02,517 : Broadworks Hosted Office Subscription +35316008036 created !
2016-05-20 17:47:02,615 :  Subscription +35316008036 ported !
2016-05-20 17:47:04,046 : Broadworks Hosted Office Subscription +35316008037 created !
2016-05-20 17:47:04,131 :  Subscription +35316008037 ported !
2016-05-20 17:47:05,513 : Broadworks Hosted Office Subscription +35316008039 created !
2016-05-20 17:47:05,600 :  Subscription +35316008039 ported !
2016-05-20 17:47:07,038 : Broadworks Hosted Office Subscription +35316008043 created !
2016-05-20 17:47:07,144 :  Subscription +35316008043 ported !
2016-05-20 17:47:08,612 : Broadworks Hosted Office Subscription +35316008048 created !
2016-05-20 17:47:08,696 :  Subscription +35316008048 ported !
2016-05-20 17:47:10,083 : Broadworks Hosted Office Subscription +35316008051 created !
2016-05-20 17:47:10,172 :  Subscription +35316008051 ported !
2016-05-20 17:47:11,596 : Broadworks Hosted Office Subscription +35316008054 created !
2016-05-20 17:47:11,687 :  Subscription +35316008054 ported !
2016-05-20 17:47:13,058 : Broadworks Hosted Office Subscription +35316008065 created !
2016-05-20 17:47:13,190 :  Subscription +35316008065 ported !
2016-05-20 17:47:14,592 : Broadworks Hosted Office Subscription +35316008071 created !
2016-05-20 17:47:14,684 :  Subscription +35316008071 ported !
2016-05-20 17:47:16,129 : Broadworks Hosted Office Subscription +35316008075 created !
2016-05-20 17:47:16,251 :  Subscription +35316008075 ported !
2016-05-20 17:47:17,695 : Broadworks Hosted Office Subscription +35316008076 created !
2016-05-20 17:47:17,783 :  Subscription +35316008076 ported !
2016-05-20 17:47:19,223 : Broadworks Hosted Office Subscription +35316008078 created !
2016-05-20 17:47:19,307 :  Subscription +35316008078 ported !
2016-05-20 17:47:20,698 : Broadworks Hosted Office Subscription +35316008082 created !
2016-05-20 17:47:20,790 :  Subscription +35316008082 ported !
2016-05-20 17:47:22,243 : Broadworks Hosted Office Subscription +35316008087 created !
2016-05-20 17:47:22,341 :  Subscription +35316008087 ported !
2016-05-20 17:47:23,751 : Broadworks Hosted Office Subscription +35316008092 created !
2016-05-20 17:47:23,853 :  Subscription +35316008092 ported !
2016-05-20 17:47:25,266 : Broadworks Hosted Office Subscription +35316008093 created !
2016-05-20 17:47:25,356 :  Subscription +35316008093 ported !
2016-05-20 17:47:26,803 : Broadworks Hosted Office Subscription +35316008094 created !
2016-05-20 17:47:26,896 :  Subscription +35316008094 ported !
2016-05-20 17:47:28,263 : Broadworks Hosted Office Subscription +35316008095 created !
2016-05-20 17:47:28,355 :  Subscription +35316008095 ported !
2016-05-20 17:47:29,729 : Broadworks Hosted Office Subscription +35316008096 created !
2016-05-20 17:47:29,819 :  Subscription +35316008096 ported !
2016-05-20 17:47:31,236 : Broadworks Hosted Office Subscription +35316008098 created !
2016-05-20 17:47:31,337 :  Subscription +35316008098 ported !
2016-05-20 17:47:32,724 : Broadworks Hosted Office Subscription +35316008101 created !
2016-05-20 17:47:32,814 :  Subscription +35316008101 ported !
2016-05-20 17:47:34,197 : Broadworks Hosted Office Subscription +35316008102 created !
2016-05-20 17:47:34,287 :  Subscription +35316008102 ported !
2016-05-20 17:47:35,649 : Broadworks Hosted Office Subscription +35316008104 created !
2016-05-20 17:47:35,743 :  Subscription +35316008104 ported !
2016-05-20 17:47:37,160 : Broadworks Hosted Office Subscription +35316008105 created !
2016-05-20 17:47:37,255 :  Subscription +35316008105 ported !
2016-05-20 17:47:38,633 : Broadworks Hosted Office Subscription +35316008108 created !
2016-05-20 17:47:38,718 :  Subscription +35316008108 ported !
2016-05-20 17:47:40,087 : Broadworks Hosted Office Subscription +35316008109 created !
2016-05-20 17:47:40,181 :  Subscription +35316008109 ported !
2016-05-20 17:47:41,573 : Broadworks Hosted Office Subscription +35316008111 created !
2016-05-20 17:47:41,662 :  Subscription +35316008111 ported !
2016-05-20 17:47:43,028 : Broadworks Hosted Office Subscription +35316008112 created !
2016-05-20 17:47:43,123 :  Subscription +35316008112 ported !
2016-05-20 17:47:44,546 : Broadworks Hosted Office Subscription +35316008113 created !
2016-05-20 17:47:44,670 :  Subscription +35316008113 ported !
2016-05-20 17:47:46,092 : Broadworks Hosted Office Subscription +35316008115 created !
2016-05-20 17:47:46,223 :  Subscription +35316008115 ported !
2016-05-20 17:47:47,648 : Broadworks Hosted Office Subscription +35316008116 created !
2016-05-20 17:47:47,805 :  Subscription +35316008116 ported !
2016-05-20 17:47:49,213 : Broadworks Hosted Office Subscription +35316008118 created !
2016-05-20 17:47:49,304 :  Subscription +35316008118 ported !
2016-05-20 17:47:50,735 : Broadworks Hosted Office Subscription +35316008129 created !
2016-05-20 17:47:50,823 :  Subscription +35316008129 ported !
2016-05-20 17:47:52,248 : Broadworks Hosted Office Subscription +35316008130 created !
2016-05-20 17:47:52,338 :  Subscription +35316008130 ported !
2016-05-20 17:47:53,795 : Broadworks Hosted Office Subscription +35316008131 created !
2016-05-20 17:47:53,887 :  Subscription +35316008131 ported !
2016-05-20 17:47:55,302 : Broadworks Hosted Office Subscription +35316008132 created !
2016-05-20 17:47:55,389 :  Subscription +35316008132 ported !
2016-05-20 17:47:56,806 : Broadworks Hosted Office Subscription +35316008134 created !
2016-05-20 17:47:56,903 :  Subscription +35316008134 ported !
2016-05-20 17:47:58,333 : Broadworks Hosted Office Subscription +35316008135 created !
2016-05-20 17:47:58,423 :  Subscription +35316008135 ported !
2016-05-20 17:47:59,853 : Broadworks Hosted Office Subscription +35316008137 created !
2016-05-20 17:47:59,937 :  Subscription +35316008137 ported !
2016-05-20 17:48:01,337 : Broadworks Hosted Office Subscription +35316008138 created !
2016-05-20 17:48:01,422 :  Subscription +35316008138 ported !
2016-05-20 17:48:02,859 : Broadworks Hosted Office Subscription +35316008142 created !
2016-05-20 17:48:02,944 :  Subscription +35316008142 ported !
2016-05-20 17:48:04,326 : Broadworks Hosted Office Subscription +35316008150 created !
2016-05-20 17:48:04,412 :  Subscription +35316008150 ported !
2016-05-20 17:48:05,848 : Broadworks Hosted Office Subscription +35316008154 created !
2016-05-20 17:48:05,934 :  Subscription +35316008154 ported !
2016-05-20 17:48:07,313 : Broadworks Hosted Office Subscription +35316008159 created !
2016-05-20 17:48:07,397 :  Subscription +35316008159 ported !
2016-05-20 17:48:08,782 : Broadworks Hosted Office Subscription +35316008164 created !
2016-05-20 17:48:08,877 :  Subscription +35316008164 ported !
2016-05-20 17:48:10,243 : Broadworks Hosted Office Subscription +35316008167 created !
2016-05-20 17:48:10,330 :  Subscription +35316008167 ported !
2016-05-20 17:48:11,767 : Broadworks Hosted Office Subscription +35316008170 created !
2016-05-20 17:48:11,857 :  Subscription +35316008170 ported !
2016-05-20 17:48:13,218 : Broadworks Hosted Office Subscription +35316008171 created !
2016-05-20 17:48:13,304 :  Subscription +35316008171 ported !
2016-05-20 17:48:14,691 : Broadworks Hosted Office Subscription +35316008177 created !
2016-05-20 17:48:14,787 :  Subscription +35316008177 ported !
2016-05-20 17:48:16,218 : Broadworks Hosted Office Subscription +35316008191 created !
2016-05-20 17:48:16,306 :  Subscription +35316008191 ported !
2016-05-20 17:48:17,668 : Broadworks Hosted Office Subscription +35316008198 created !
2016-05-20 17:48:17,759 :  Subscription +35316008198 ported !
2016-05-20 17:48:19,124 : Broadworks Hosted Office Subscription +35316008205 created !
2016-05-20 17:48:19,211 :  Subscription +35316008205 ported !
2016-05-20 17:48:20,632 : Broadworks Hosted Office Subscription +35316008206 created !
2016-05-20 17:48:20,736 :  Subscription +35316008206 ported !
2016-05-20 17:48:22,134 : Broadworks Hosted Office Subscription +35316008210 created !
2016-05-20 17:48:22,224 :  Subscription +35316008210 ported !
2016-05-20 17:48:23,654 : Broadworks Hosted Office Subscription +35316008211 created !
2016-05-20 17:48:23,742 :  Subscription +35316008211 ported !
2016-05-20 17:48:25,144 : Broadworks Hosted Office Subscription +35316008212 created !
2016-05-20 17:48:25,234 :  Subscription +35316008212 ported !
2016-05-20 17:48:26,651 : Broadworks Hosted Office Subscription +35316008217 created !
2016-05-20 17:48:26,737 :  Subscription +35316008217 ported !
